Using pre-set license
Built from '2021.3/staging' branch; Version is '2021.3.35f1 (157b46ce122a) revision 1407814'; Using compiler version '192829333'; Build Type 'Release'
OS: 'Windows 11  (10.0.22621) 64bit Professional' Language: 'tr' Physical Memory: 24467 MB
BatchMode: 1, IsHumanControllingUs: 0, StartBugReporterOnCrash: 0, Is64bit: 1, IsPro: 1

COMMAND LINE ARGUMENTS:
C:\Program Files\Unity 2021.3.35f1\Editor\Unity.exe
-adb2
-batchMode
-noUpm
-name
AssetImportWorker1
-projectPath
C:/Users/Maestro/Diablo
-logFile
Logs/AssetImportWorker1.log
-srvPort
51709
Successfully changed project path to: C:/Users/Maestro/Diablo
C:/Users/Maestro/Diablo
[UnityMemory] Configuration Parameters - Can be set up in boot.config
    "memorysetup-bucket-allocator-granularity=16"
    "memorysetup-bucket-allocator-bucket-count=8"
    "memorysetup-bucket-allocator-block-size=33554432"
    "memorysetup-bucket-allocator-block-count=8"
    "memorysetup-main-allocator-block-size=16777216"
    "memorysetup-thread-allocator-block-size=16777216"
    "memorysetup-gfx-main-allocator-block-size=16777216"
    "memorysetup-gfx-thread-allocator-block-size=16777216"
    "memorysetup-cache-allocator-block-size=4194304"
    "memorysetup-typetree-allocator-block-size=2097152"
    "memorysetup-profiler-bucket-allocator-granularity=16"
    "memorysetup-profiler-bucket-allocator-bucket-count=8"
    "memorysetup-profiler-bucket-allocator-block-size=33554432"
    "memorysetup-profiler-bucket-allocator-block-count=8"
    "memorysetup-profiler-allocator-block-size=16777216"
    "memorysetup-profiler-editor-allocator-block-size=1048576"
    "memorysetup-temp-allocator-size-main=16777216"
    "memorysetup-job-temp-allocator-block-size=2097152"
    "memorysetup-job-temp-allocator-block-size-background=1048576"
    "memorysetup-job-temp-allocator-reduction-small-platforms=262144"
    "memorysetup-temp-allocator-size-background-worker=32768"
    "memorysetup-temp-allocator-size-job-worker=262144"
    "memorysetup-temp-allocator-size-preload-manager=33554432"
    "memorysetup-temp-allocator-size-nav-mesh-worker=65536"
    "memorysetup-temp-allocator-size-audio-worker=65536"
    "memorysetup-temp-allocator-size-cloud-worker=32768"
    "memorysetup-temp-allocator-size-gi-baking-worker=262144"
    "memorysetup-temp-allocator-size-gfx=262144"
Player connection [5560] Host "[IP] 192.168.1.47 [Port] 0 [Flags] 2 [Guid] 1293666287 [EditorId] 1293666287 [Version] 1048832 [Id] WindowsEditor(7,DESKTOP-B1MD9IK) [Debug] 1 [PackageName] WindowsEditor [ProjectName] Editor" joined multi-casting on [225.0.0.222:54997]...

Player connection [5560] Host "[IP] 192.168.1.47 [Port] 0 [Flags] 2 [Guid] 1293666287 [EditorId] 1293666287 [Version] 1048832 [Id] WindowsEditor(7,DESKTOP-B1MD9IK) [Debug] 1 [PackageName] WindowsEditor [ProjectName] Editor" joined alternative multi-casting on [225.0.0.222:34997]...

[Physics::Module] Initialized MultithreadedJobDispatcher with {0} workers.
Refreshing native plugins compatible for Editor in 91.50 ms, found 3 plugins.
Preloading 0 native plugins for Editor in 0.00 ms.
Initialize engine version: 2021.3.35f1 (157b46ce122a)
[Subsystems] Discovering subsystems at path C:/Program Files/Unity 2021.3.35f1/Editor/Data/Resources/UnitySubsystems
[Subsystems] Discovering subsystems at path C:/Users/Maestro/Diablo/Assets
GfxDevice: creating device client; threaded=0; jobified=0
Direct3D:
    Version:  Direct3D 11.0 [level 11.1]
    Renderer: NVIDIA GeForce GTX 1050 Ti (ID=0x1c8c)
    Vendor:   NVIDIA
    VRAM:     4019 MB
    Driver:   30.0.15.1289
Initialize mono
Mono path[0] = 'C:/Program Files/Unity 2021.3.35f1/Editor/Data/Managed'
Mono path[1] = 'C:/Program Files/Unity 2021.3.35f1/Editor/Data/MonoBleedingEdge/lib/mono/unityjit-win32'
Mono config path = 'C:/Program Files/Unity 2021.3.35f1/Editor/Data/MonoBleedingEdge/etc'
Using monoOptions --debugger-agent=transport=dt_socket,embedding=1,server=y,suspend=n,address=127.0.0.1:56140
Begin MonoManager ReloadAssembly
Registering precompiled unity dll's ...
Register platform support module: C:/Program Files/Unity 2021.3.35f1/Editor/Data/PlaybackEngines/WindowsStandaloneSupport/UnityEditor.WindowsStandalone.Extensions.dll
Registered in 0.003374 seconds.
Native extension for WindowsStandalone target not found
Refreshing native plugins compatible for Editor in 126.16 ms, found 3 plugins.
Preloading 0 native plugins for Editor in 0.00 ms.
Mono: successfully reloaded assembly
- Completed reload, in  0.779 seconds
Domain Reload Profiling:
	ReloadAssembly (779ms)
		BeginReloadAssembly (107ms)
			ExecutionOrderSort (0ms)
			DisableScriptedObjects (0ms)
			BackupInstance (0ms)
			ReleaseScriptingObjects (0ms)
			CreateAndSetChildDomain (1ms)
		EndReloadAssembly (572ms)
			LoadAssemblies (105ms)
			RebuildTransferFunctionScriptingTraits (0ms)
			SetupTypeCache (121ms)
			ReleaseScriptCaches (0ms)
			RebuildScriptCaches (35ms)
			SetupLoadedEditorAssemblies (372ms)
				LogAssemblyErrors (0ms)
				InitializePlatformSupportModulesInManaged (11ms)
				SetLoadedEditorAssemblies (0ms)
				RefreshPlugins (126ms)
				BeforeProcessingInitializeOnLoad (1ms)
				ProcessInitializeOnLoadAttributes (171ms)
				ProcessInitializeOnLoadMethodAttributes (62ms)
				AfterProcessingInitializeOnLoad (0ms)
				EditorAssembliesLoaded (0ms)
			ExecutionOrderSort2 (0ms)
			AwakeInstancesAfterBackupRestoration (0ms)
Platform modules already initialized, skipping
Registering precompiled user dll's ...
Registered in 0.006884 seconds.
Begin MonoManager ReloadAssembly
Native extension for WindowsStandalone target not found
Refreshing native plugins compatible for Editor in 0.87 ms, found 3 plugins.
Preloading 0 native plugins for Editor in 0.00 ms.
Package Manager log level set to [2]
[Package Manager] Server::EnsureServerProcessIsRunning -- launch failed, reason: Unity was launched with the -noUpm command-line argument
[Package Manager] Cannot connect to Unity Package Manager local server
Mono: successfully reloaded assembly
- Completed reload, in  1.772 seconds
Domain Reload Profiling:
	ReloadAssembly (1773ms)
		BeginReloadAssembly (169ms)
			ExecutionOrderSort (0ms)
			DisableScriptedObjects (8ms)
			BackupInstance (0ms)
			ReleaseScriptingObjects (0ms)
			CreateAndSetChildDomain (30ms)
		EndReloadAssembly (1472ms)
			LoadAssemblies (114ms)
			RebuildTransferFunctionScriptingTraits (0ms)
			SetupTypeCache (294ms)
			ReleaseScriptCaches (1ms)
			RebuildScriptCaches (71ms)
			SetupLoadedEditorAssemblies (949ms)
				LogAssemblyErrors (0ms)
				InitializePlatformSupportModulesInManaged (12ms)
				SetLoadedEditorAssemblies (1ms)
				RefreshPlugins (1ms)
				BeforeProcessingInitializeOnLoad (124ms)
				ProcessInitializeOnLoadAttributes (759ms)
				ProcessInitializeOnLoadMethodAttributes (42ms)
				AfterProcessingInitializeOnLoad (10ms)
				EditorAssembliesLoaded (0ms)
			ExecutionOrderSort2 (0ms)
			AwakeInstancesAfterBackupRestoration (12ms)
Platform modules already initialized, skipping
========================================================================
Worker process is ready to serve import requests
Launched and connected shader compiler UnityShaderCompiler.exe after 0.09 seconds
Refreshing native plugins compatible for Editor in 1.15 ms, found 3 plugins.
Preloading 0 native plugins for Editor in 0.00 ms.
Unloading 3068 Unused Serialized files (Serialized files now loaded: 0)
Unloading 23 unused Assets / (46.9 KB). Loaded Objects now: 3528.
Memory consumption went from 108.5 MB to 108.5 MB.
Total: 4.320300 ms (FindLiveObjects: 0.350100 ms CreateObjectMapping: 0.372600 ms MarkObjects: 3.485600 ms  DeleteObjects: 0.110600 ms)

AssetImportParameters requested are different than current active one (requested -> active):
  custom:video-decoder-ogg-theora: a1e56fd34408186e4bbccfd4996cb3dc -> 
  custom:container-muxer-webm: aa71ff27fc2769a1b78a27578f13a17b -> 
  custom:container-demuxer-webm: 4f35f7cbe854078d1ac9338744f61a02 -> 
  custom:video-encoder-webm-vp8: eb34c28f22e8b96e1ab97ce403110664 -> 
  custom:CustomObjectIndexerAttribute: bc11b3a6c3213fcdd17b65e7da85e133 -> 
  custom:audio-encoder-webm-vorbis: bf7c407c2cedff20999df2af8eb42d56 -> 
  custom:framework-win-MediaFoundation: 216162199b28c13a410421893ffa2e32 -> 
  custom:SearchIndexIgnoredProperties: e643bd26f0fe6173181afceb89e7c659 -> 
  custom:container-demuxer-ogg: 62fdf1f143b41e24485cea50d1cbac27 -> 
  custom:video-decoder-webm-vp8: 9c59270c3fd7afecdb556c50c9e8de78 -> 
  custom:audio-decoder-ogg-vorbis: bf7c407c2cedff20999df2af8eb42d56 -> 
========================================================================
Received Prepare
Registering precompiled user dll's ...
Registered in 0.006536 seconds.
Begin MonoManager ReloadAssembly
Native extension for WindowsStandalone target not found
Refreshing native plugins compatible for Editor in 1.37 ms, found 3 plugins.
Preloading 0 native plugins for Editor in 0.00 ms.
[Package Manager] Server::EnsureServerProcessIsRunning -- launch failed, reason: Unity was launched with the -noUpm command-line argument
[Package Manager] Cannot connect to Unity Package Manager local server
Mono: successfully reloaded assembly
- Completed reload, in  2.217 seconds
Domain Reload Profiling:
	ReloadAssembly (2218ms)
		BeginReloadAssembly (215ms)
			ExecutionOrderSort (0ms)
			DisableScriptedObjects (8ms)
			BackupInstance (0ms)
			ReleaseScriptingObjects (0ms)
			CreateAndSetChildDomain (47ms)
		EndReloadAssembly (1840ms)
			LoadAssemblies (147ms)
			RebuildTransferFunctionScriptingTraits (0ms)
			SetupTypeCache (555ms)
			ReleaseScriptCaches (2ms)
			RebuildScriptCaches (72ms)
			SetupLoadedEditorAssemblies (1002ms)
				LogAssemblyErrors (0ms)
				InitializePlatformSupportModulesInManaged (13ms)
				SetLoadedEditorAssemblies (2ms)
				RefreshPlugins (1ms)
				BeforeProcessingInitializeOnLoad (113ms)
				ProcessInitializeOnLoadAttributes (810ms)
				ProcessInitializeOnLoadMethodAttributes (52ms)
				AfterProcessingInitializeOnLoad (12ms)
				EditorAssembliesLoaded (0ms)
			ExecutionOrderSort2 (0ms)
			AwakeInstancesAfterBackupRestoration (13ms)
Platform modules already initialized, skipping
Refreshing native plugins compatible for Editor in 0.72 ms, found 3 plugins.
Preloading 0 native plugins for Editor in 0.00 ms.
Unloading 3061 Unused Serialized files (Serialized files now loaded: 0)
Unloading 18 unused Assets / (21.9 KB). Loaded Objects now: 3531.
Memory consumption went from 108.4 MB to 108.4 MB.
Total: 3.640800 ms (FindLiveObjects: 0.257000 ms CreateObjectMapping: 0.295100 ms MarkObjects: 3.064200 ms  DeleteObjects: 0.023300 ms)

AssetImportParameters requested are different than current active one (requested -> active):
  custom:video-decoder-ogg-theora: a1e56fd34408186e4bbccfd4996cb3dc -> 
  custom:container-muxer-webm: aa71ff27fc2769a1b78a27578f13a17b -> 
  custom:container-demuxer-webm: 4f35f7cbe854078d1ac9338744f61a02 -> 
  custom:video-encoder-webm-vp8: eb34c28f22e8b96e1ab97ce403110664 -> 
  custom:CustomObjectIndexerAttribute: bc11b3a6c3213fcdd17b65e7da85e133 -> 
  custom:audio-encoder-webm-vorbis: bf7c407c2cedff20999df2af8eb42d56 -> 
  custom:framework-win-MediaFoundation: 216162199b28c13a410421893ffa2e32 -> 
  custom:SearchIndexIgnoredProperties: e643bd26f0fe6173181afceb89e7c659 -> 
  custom:container-demuxer-ogg: 62fdf1f143b41e24485cea50d1cbac27 -> 
  custom:video-decoder-webm-vp8: 9c59270c3fd7afecdb556c50c9e8de78 -> 
  custom:audio-decoder-ogg-vorbis: bf7c407c2cedff20999df2af8eb42d56 -> 
========================================================================
Received Prepare
Registering precompiled user dll's ...
Registered in 0.005659 seconds.
Begin MonoManager ReloadAssembly
Native extension for WindowsStandalone target not found
Refreshing native plugins compatible for Editor in 0.63 ms, found 3 plugins.
Preloading 0 native plugins for Editor in 0.00 ms.
[Package Manager] Server::EnsureServerProcessIsRunning -- launch failed, reason: Unity was launched with the -noUpm command-line argument
[Package Manager] Cannot connect to Unity Package Manager local server
Mono: successfully reloaded assembly
- Completed reload, in  2.105 seconds
Domain Reload Profiling:
	ReloadAssembly (2106ms)
		BeginReloadAssembly (210ms)
			ExecutionOrderSort (0ms)
			DisableScriptedObjects (9ms)
			BackupInstance (0ms)
			ReleaseScriptingObjects (0ms)
			CreateAndSetChildDomain (54ms)
		EndReloadAssembly (1775ms)
			LoadAssemblies (121ms)
			RebuildTransferFunctionScriptingTraits (0ms)
			SetupTypeCache (513ms)
			ReleaseScriptCaches (2ms)
			RebuildScriptCaches (78ms)
			SetupLoadedEditorAssemblies (987ms)
				LogAssemblyErrors (0ms)
				InitializePlatformSupportModulesInManaged (7ms)
				SetLoadedEditorAssemblies (1ms)
				RefreshPlugins (1ms)
				BeforeProcessingInitializeOnLoad (109ms)
				ProcessInitializeOnLoadAttributes (813ms)
				ProcessInitializeOnLoadMethodAttributes (47ms)
				AfterProcessingInitializeOnLoad (9ms)
				EditorAssembliesLoaded (0ms)
			ExecutionOrderSort2 (0ms)
			AwakeInstancesAfterBackupRestoration (14ms)
Platform modules already initialized, skipping
Refreshing native plugins compatible for Editor in 0.74 ms, found 3 plugins.
Preloading 0 native plugins for Editor in 0.00 ms.
Unloading 3061 Unused Serialized files (Serialized files now loaded: 0)
Unloading 18 unused Assets / (21.9 KB). Loaded Objects now: 3534.
Memory consumption went from 108.4 MB to 108.4 MB.
Total: 4.940000 ms (FindLiveObjects: 0.451400 ms CreateObjectMapping: 0.266100 ms MarkObjects: 4.198400 ms  DeleteObjects: 0.023000 ms)

AssetImportParameters requested are different than current active one (requested -> active):
  custom:video-decoder-ogg-theora: a1e56fd34408186e4bbccfd4996cb3dc -> 
  custom:container-muxer-webm: aa71ff27fc2769a1b78a27578f13a17b -> 
  custom:container-demuxer-webm: 4f35f7cbe854078d1ac9338744f61a02 -> 
  custom:video-encoder-webm-vp8: eb34c28f22e8b96e1ab97ce403110664 -> 
  custom:CustomObjectIndexerAttribute: bc11b3a6c3213fcdd17b65e7da85e133 -> 
  custom:audio-encoder-webm-vorbis: bf7c407c2cedff20999df2af8eb42d56 -> 
  custom:framework-win-MediaFoundation: 216162199b28c13a410421893ffa2e32 -> 
  custom:SearchIndexIgnoredProperties: e643bd26f0fe6173181afceb89e7c659 -> 
  custom:container-demuxer-ogg: 62fdf1f143b41e24485cea50d1cbac27 -> 
  custom:video-decoder-webm-vp8: 9c59270c3fd7afecdb556c50c9e8de78 -> 
  custom:audio-decoder-ogg-vorbis: bf7c407c2cedff20999df2af8eb42d56 -> 
========================================================================
Received Prepare
Registering precompiled user dll's ...
Registered in 0.005585 seconds.
Begin MonoManager ReloadAssembly
Native extension for WindowsStandalone target not found
Refreshing native plugins compatible for Editor in 0.67 ms, found 3 plugins.
Preloading 0 native plugins for Editor in 0.00 ms.
[Package Manager] Server::EnsureServerProcessIsRunning -- launch failed, reason: Unity was launched with the -noUpm command-line argument
[Package Manager] Cannot connect to Unity Package Manager local server
Mono: successfully reloaded assembly
- Completed reload, in  1.987 seconds
Domain Reload Profiling:
	ReloadAssembly (1988ms)
		BeginReloadAssembly (185ms)
			ExecutionOrderSort (0ms)
			DisableScriptedObjects (7ms)
			BackupInstance (0ms)
			ReleaseScriptingObjects (0ms)
			CreateAndSetChildDomain (49ms)
		EndReloadAssembly (1684ms)
			LoadAssemblies (110ms)
			RebuildTransferFunctionScriptingTraits (0ms)
			SetupTypeCache (500ms)
			ReleaseScriptCaches (2ms)
			RebuildScriptCaches (74ms)
			SetupLoadedEditorAssemblies (949ms)
				LogAssemblyErrors (0ms)
				InitializePlatformSupportModulesInManaged (9ms)
				SetLoadedEditorAssemblies (1ms)
				RefreshPlugins (1ms)
				BeforeProcessingInitializeOnLoad (106ms)
				ProcessInitializeOnLoadAttributes (789ms)
				ProcessInitializeOnLoadMethodAttributes (34ms)
				AfterProcessingInitializeOnLoad (9ms)
				EditorAssembliesLoaded (0ms)
			ExecutionOrderSort2 (0ms)
			AwakeInstancesAfterBackupRestoration (8ms)
Platform modules already initialized, skipping
Refreshing native plugins compatible for Editor in 0.74 ms, found 3 plugins.
Preloading 0 native plugins for Editor in 0.00 ms.
Unloading 3061 Unused Serialized files (Serialized files now loaded: 0)
Unloading 18 unused Assets / (22.0 KB). Loaded Objects now: 3537.
Memory consumption went from 108.4 MB to 108.4 MB.
Total: 4.543800 ms (FindLiveObjects: 0.379600 ms CreateObjectMapping: 0.298600 ms MarkObjects: 3.836100 ms  DeleteObjects: 0.028200 ms)

AssetImportParameters requested are different than current active one (requested -> active):
  custom:video-decoder-ogg-theora: a1e56fd34408186e4bbccfd4996cb3dc -> 
  custom:container-muxer-webm: aa71ff27fc2769a1b78a27578f13a17b -> 
  custom:container-demuxer-webm: 4f35f7cbe854078d1ac9338744f61a02 -> 
  custom:video-encoder-webm-vp8: eb34c28f22e8b96e1ab97ce403110664 -> 
  custom:CustomObjectIndexerAttribute: bc11b3a6c3213fcdd17b65e7da85e133 -> 
  custom:audio-encoder-webm-vorbis: bf7c407c2cedff20999df2af8eb42d56 -> 
  custom:framework-win-MediaFoundation: 216162199b28c13a410421893ffa2e32 -> 
  custom:SearchIndexIgnoredProperties: e643bd26f0fe6173181afceb89e7c659 -> 
  custom:container-demuxer-ogg: 62fdf1f143b41e24485cea50d1cbac27 -> 
  custom:video-decoder-webm-vp8: 9c59270c3fd7afecdb556c50c9e8de78 -> 
  custom:audio-decoder-ogg-vorbis: bf7c407c2cedff20999df2af8eb42d56 -> 
========================================================================
Received Import Request.
  Time since last request: 2925.982844 seconds.
  path: Assets/Paladin_normal.png
  artifactKey: Guid(6e2da523fa69b3e4e9183a071b79a37c) Importer(815301076,1909f56bfc062723c751e8b465ee728b)
Number of updated assets reloaded before import = 0
Start importing Assets/Paladin_normal.png using Guid(6e2da523fa69b3e4e9183a071b79a37c) Importer(815301076,1909f56bfc062723c751e8b465ee728b)  -> (artifact id: '3d721e53913f9896046c6be0ae4c1267') in 0.132454 seconds 
Number of asset objects unloaded after import = 2
========================================================================
Received Import Request.
  Time since last request: 5.015586 seconds.
  path: Assets/Paladin_MAT.mat
  artifactKey: Guid(f8da065d0bf8b09408fc2ef0140d26d0) Importer(815301076,1909f56bfc062723c751e8b465ee728b)
Number of updated assets reloaded before import = 0
Start importing Assets/Paladin_MAT.mat using Guid(f8da065d0bf8b09408fc2ef0140d26d0) Importer(815301076,1909f56bfc062723c751e8b465ee728b)  -> (artifact id: 'd4c5bda49d65f74004e653a298498f0e') in 0.404311 seconds 
Number of asset objects unloaded after import = 3
========================================================================
Received Import Request.
  Time since last request: 6.715531 seconds.
  path: Assets/Paladin_MAT.mat
  artifactKey: Guid(f8da065d0bf8b09408fc2ef0140d26d0) Importer(815301076,1909f56bfc062723c751e8b465ee728b)
Number of updated assets reloaded before import = 0
Start importing Assets/Paladin_MAT.mat using Guid(f8da065d0bf8b09408fc2ef0140d26d0) Importer(815301076,1909f56bfc062723c751e8b465ee728b)  -> (artifact id: '83cc403af3d66495830a391d72d81c22') in 0.046839 seconds 
Number of asset objects unloaded after import = 3
========================================================================
Received Import Request.
  Time since last request: 0.000016 seconds.
  path: Assets/Paladin_normal.png
  artifactKey: Guid(6e2da523fa69b3e4e9183a071b79a37c) Importer(815301076,1909f56bfc062723c751e8b465ee728b)
Number of updated assets reloaded before import = 0
Start importing Assets/Paladin_normal.png using Guid(6e2da523fa69b3e4e9183a071b79a37c) Importer(815301076,1909f56bfc062723c751e8b465ee728b)  -> (artifact id: 'd318773b3be6d55abbf4e2e779af0f2f') in 0.031258 seconds 
Number of asset objects unloaded after import = 2
========================================================================
Received Prepare
Registering precompiled user dll's ...
Registered in 0.006347 seconds.
Begin MonoManager ReloadAssembly
Native extension for WindowsStandalone target not found
Refreshing native plugins compatible for Editor in 1.00 ms, found 3 plugins.
Preloading 0 native plugins for Editor in 0.00 ms.
[Package Manager] Server::EnsureServerProcessIsRunning -- launch failed, reason: Unity was launched with the -noUpm command-line argument
[Package Manager] Cannot connect to Unity Package Manager local server
Mono: successfully reloaded assembly
- Completed reload, in  1.992 seconds
Domain Reload Profiling:
	ReloadAssembly (1994ms)
		BeginReloadAssembly (193ms)
			ExecutionOrderSort (0ms)
			DisableScriptedObjects (8ms)
			BackupInstance (0ms)
			ReleaseScriptingObjects (0ms)
			CreateAndSetChildDomain (44ms)
		EndReloadAssembly (1647ms)
			LoadAssemblies (134ms)
			RebuildTransferFunctionScriptingTraits (0ms)
			SetupTypeCache (502ms)
			ReleaseScriptCaches (2ms)
			RebuildScriptCaches (70ms)
			SetupLoadedEditorAssemblies (879ms)
				LogAssemblyErrors (0ms)
				InitializePlatformSupportModulesInManaged (9ms)
				SetLoadedEditorAssemblies (1ms)
				RefreshPlugins (1ms)
				BeforeProcessingInitializeOnLoad (100ms)
				ProcessInitializeOnLoadAttributes (717ms)
				ProcessInitializeOnLoadMethodAttributes (38ms)
				AfterProcessingInitializeOnLoad (12ms)
				EditorAssembliesLoaded (0ms)
			ExecutionOrderSort2 (0ms)
			AwakeInstancesAfterBackupRestoration (12ms)
Platform modules already initialized, skipping
Refreshing native plugins compatible for Editor in 0.74 ms, found 3 plugins.
Preloading 0 native plugins for Editor in 0.00 ms.
Unloading 3061 Unused Serialized files (Serialized files now loaded: 0)
Unloading 18 unused Assets / (22.0 KB). Loaded Objects now: 3585.
Memory consumption went from 113.1 MB to 113.1 MB.
Total: 3.501200 ms (FindLiveObjects: 0.310300 ms CreateObjectMapping: 0.202900 ms MarkObjects: 2.961800 ms  DeleteObjects: 0.025400 ms)

AssetImportParameters requested are different than current active one (requested -> active):
  custom:video-decoder-ogg-theora: a1e56fd34408186e4bbccfd4996cb3dc -> 
  custom:container-muxer-webm: aa71ff27fc2769a1b78a27578f13a17b -> 
  custom:container-demuxer-webm: 4f35f7cbe854078d1ac9338744f61a02 -> 
  custom:video-encoder-webm-vp8: eb34c28f22e8b96e1ab97ce403110664 -> 
  custom:CustomObjectIndexerAttribute: bc11b3a6c3213fcdd17b65e7da85e133 -> 
  custom:audio-encoder-webm-vorbis: bf7c407c2cedff20999df2af8eb42d56 -> 
  custom:framework-win-MediaFoundation: 216162199b28c13a410421893ffa2e32 -> 
  custom:SearchIndexIgnoredProperties: e643bd26f0fe6173181afceb89e7c659 -> 
  custom:container-demuxer-ogg: 62fdf1f143b41e24485cea50d1cbac27 -> 
  custom:video-decoder-webm-vp8: 9c59270c3fd7afecdb556c50c9e8de78 -> 
  custom:audio-decoder-ogg-vorbis: bf7c407c2cedff20999df2af8eb42d56 -> 
========================================================================
Received Import Request.
  Time since last request: 292.689212 seconds.
  path: Assets/animations/crouch to standing idle.fbx
  artifactKey: Guid(28ed590cd8a55f84fbebe7af0f48569c) Importer(815301076,1909f56bfc062723c751e8b465ee728b)
Number of updated assets reloaded before import = 0
Start importing Assets/animations/crouch to standing idle.fbx using Guid(28ed590cd8a55f84fbebe7af0f48569c) Importer(815301076,1909f56bfc062723c751e8b465ee728b)  -> (artifact id: '5cf3b030602934b130d044556b9d829c') in 0.060862 seconds 
Number of asset objects unloaded after import = 143
========================================================================
Received Import Request.
  Time since last request: 0.000026 seconds.
  path: Assets/animations/unarmed jump.fbx
  artifactKey: Guid(9cba9ea01b08be4489dad274ccc1fd9c) Importer(815301076,1909f56bfc062723c751e8b465ee728b)
Number of updated assets reloaded before import = 0
Start importing Assets/animations/unarmed jump.fbx using Guid(9cba9ea01b08be4489dad274ccc1fd9c) Importer(815301076,1909f56bfc062723c751e8b465ee728b)  -> (artifact id: '15dfb3d756610af2941762cbf1d6c11b') in 0.014507 seconds 
Number of asset objects unloaded after import = 143
========================================================================
Received Import Request.
  Time since last request: 0.000025 seconds.
  path: Assets/animations/standing disarm underarm.fbx
  artifactKey: Guid(0a0e3f575e857d0419faebac97fd44cc) Importer(815301076,1909f56bfc062723c751e8b465ee728b)
Number of updated assets reloaded before import = 0
Start importing Assets/animations/standing disarm underarm.fbx using Guid(0a0e3f575e857d0419faebac97fd44cc) Importer(815301076,1909f56bfc062723c751e8b465ee728b)  -> (artifact id: '2d048ac79e0316ed6e9c102e53ae24de') in 0.015683 seconds 
Number of asset objects unloaded after import = 143
========================================================================
Received Import Request.
  Time since last request: 0.000030 seconds.
  path: Assets/animations/standing turn left 90.fbx
  artifactKey: Guid(0b89feb5aae36e7418acf2d0b4e12a59) Importer(815301076,1909f56bfc062723c751e8b465ee728b)
Number of updated assets reloaded before import = 0
Start importing Assets/animations/standing turn left 90.fbx using Guid(0b89feb5aae36e7418acf2d0b4e12a59) Importer(815301076,1909f56bfc062723c751e8b465ee728b)  -> (artifact id: 'a22cdc1f45a5cbe94b6617576172e0b2') in 0.015251 seconds 
Number of asset objects unloaded after import = 143
========================================================================
Received Import Request.
  Time since last request: 0.000019 seconds.
  path: Assets/animations/unarmed idle looking ver. 2.fbx
  artifactKey: Guid(15c8f39b299165e4c8da419ae147a423) Importer(815301076,1909f56bfc062723c751e8b465ee728b)
Number of updated assets reloaded before import = 0
Start importing Assets/animations/unarmed idle looking ver. 2.fbx using Guid(15c8f39b299165e4c8da419ae147a423) Importer(815301076,1909f56bfc062723c751e8b465ee728b)  -> (artifact id: '750944a0465b0d0c5d6e4e4ddabed8b7') in 0.017206 seconds 
Number of asset objects unloaded after import = 143
========================================================================
Received Import Request.
  Time since last request: 0.000020 seconds.
  path: Assets/animations/standing melee run jump attack.fbx
  artifactKey: Guid(1327fd4ab5307a9478d8395e876c9120) Importer(815301076,1909f56bfc062723c751e8b465ee728b)
Number of updated assets reloaded before import = 0
Start importing Assets/animations/standing melee run jump attack.fbx using Guid(1327fd4ab5307a9478d8395e876c9120) Importer(815301076,1909f56bfc062723c751e8b465ee728b)  -> (artifact id: '57b23faaebf5d341c6c6ed72a0fa395e') in 0.015538 seconds 
Number of asset objects unloaded after import = 143
========================================================================
Received Import Request.
  Time since last request: 0.000034 seconds.
  path: Assets/animations/standing react large from left.fbx
  artifactKey: Guid(30a4aac03c33f5b4c857bc65cfa63c96) Importer(815301076,1909f56bfc062723c751e8b465ee728b)
Number of updated assets reloaded before import = 0
Start importing Assets/animations/standing react large from left.fbx using Guid(30a4aac03c33f5b4c857bc65cfa63c96) Importer(815301076,1909f56bfc062723c751e8b465ee728b)  -> (artifact id: 'e711fc3257894aeb45110521f0baaa1b') in 0.014777 seconds 
Number of asset objects unloaded after import = 143
========================================================================
Received Import Request.
  Time since last request: 0.000016 seconds.
  path: Assets/animations/standing idle.fbx
  artifactKey: Guid(d168300a1782bc14b87c65373ec9e901) Importer(815301076,1909f56bfc062723c751e8b465ee728b)
Number of updated assets reloaded before import = 0
Start importing Assets/animations/standing idle.fbx using Guid(d168300a1782bc14b87c65373ec9e901) Importer(815301076,1909f56bfc062723c751e8b465ee728b)  -> (artifact id: '15ff631fabc3523d52eb2c2ac53d1416') in 0.013557 seconds 
Number of asset objects unloaded after import = 143
========================================================================
Received Import Request.
  Time since last request: 0.000022 seconds.
  path: Assets/animations/standing run forward.fbx
  artifactKey: Guid(60a8f6c14de94894ead3ca35adab2f8b) Importer(815301076,1909f56bfc062723c751e8b465ee728b)
Number of updated assets reloaded before import = 0
Start importing Assets/animations/standing run forward.fbx using Guid(60a8f6c14de94894ead3ca35adab2f8b) Importer(815301076,1909f56bfc062723c751e8b465ee728b)  -> (artifact id: 'afdececd6ac4e0dfaa2bcc03821e9046') in 0.015178 seconds 
Number of asset objects unloaded after import = 143
========================================================================
Received Import Request.
  Time since last request: 0.000033 seconds.
  path: Assets/animations/standing melee attack 360 high.fbx
  artifactKey: Guid(8d9521139c2eaa7448a73a0a17cedcc0) Importer(815301076,1909f56bfc062723c751e8b465ee728b)
Number of updated assets reloaded before import = 0
Start importing Assets/animations/standing melee attack 360 high.fbx using Guid(8d9521139c2eaa7448a73a0a17cedcc0) Importer(815301076,1909f56bfc062723c751e8b465ee728b)  -> (artifact id: '2bba9a050275a7373b7e29a2dfae7ae0') in 0.015379 seconds 
Number of asset objects unloaded after import = 143
========================================================================
Received Import Request.
  Time since last request: 0.000019 seconds.
  path: Assets/animations/standing melee attack 360 low.fbx
  artifactKey: Guid(81061d9c51c8049409f877e9458d19fb) Importer(815301076,1909f56bfc062723c751e8b465ee728b)
Number of updated assets reloaded before import = 0
Start importing Assets/animations/standing melee attack 360 low.fbx using Guid(81061d9c51c8049409f877e9458d19fb) Importer(815301076,1909f56bfc062723c751e8b465ee728b)  -> (artifact id: 'f653df647bbd1fc5599524218cc871b2') in 0.014465 seconds 
Number of asset objects unloaded after import = 143
========================================================================
Received Import Request.
  Time since last request: 0.000020 seconds.
  path: Assets/animations/standing taunt chest thump.fbx
  artifactKey: Guid(16ea62947a20edf47a926c4790805cd6) Importer(815301076,1909f56bfc062723c751e8b465ee728b)
Number of updated assets reloaded before import = 0
Start importing Assets/animations/standing taunt chest thump.fbx using Guid(16ea62947a20edf47a926c4790805cd6) Importer(815301076,1909f56bfc062723c751e8b465ee728b)  -> (artifact id: '72da6e31418c8848a08cda1d2d1b442c') in 0.016185 seconds 
Number of asset objects unloaded after import = 143
========================================================================
Received Import Request.
  Time since last request: 0.000019 seconds.
  path: Assets/animations/standing idle looking ver. 1.fbx
  artifactKey: Guid(e79c8fde1be8d874e8f153f7a7659d6f) Importer(815301076,1909f56bfc062723c751e8b465ee728b)
Number of updated assets reloaded before import = 0
Start importing Assets/animations/standing idle looking ver. 1.fbx using Guid(e79c8fde1be8d874e8f153f7a7659d6f) Importer(815301076,1909f56bfc062723c751e8b465ee728b)  -> (artifact id: '1d0edaeac2522c341ac956ceb99a6688') in 0.015572 seconds 
Number of asset objects unloaded after import = 143
========================================================================
Received Import Request.
  Time since last request: 0.000018 seconds.
  path: Assets/animations/standing walk right.fbx
  artifactKey: Guid(57963abb0771b0d43b1d018cc720a6fc) Importer(815301076,1909f56bfc062723c751e8b465ee728b)
Number of updated assets reloaded before import = 0
Start importing Assets/animations/standing walk right.fbx using Guid(57963abb0771b0d43b1d018cc720a6fc) Importer(815301076,1909f56bfc062723c751e8b465ee728b)  -> (artifact id: '3c6c46ea82159dd0dc42a2ffef60d18d') in 0.014790 seconds 
Number of asset objects unloaded after import = 143
========================================================================
Received Import Request.
  Time since last request: 0.000018 seconds.
  path: Assets/animations/standing melee combo attack ver. 2.fbx
  artifactKey: Guid(dd5176960ebf740419d6fc314bc2ed14) Importer(815301076,1909f56bfc062723c751e8b465ee728b)
Number of updated assets reloaded before import = 0
Start importing Assets/animations/standing melee combo attack ver. 2.fbx using Guid(dd5176960ebf740419d6fc314bc2ed14) Importer(815301076,1909f56bfc062723c751e8b465ee728b)  -> (artifact id: '6faf9f541854361ea4cdb1238eccf5ea') in 0.013385 seconds 
Number of asset objects unloaded after import = 143
========================================================================
Received Import Request.
  Time since last request: 0.000021 seconds.
  path: Assets/animations/standing jump.fbx
  artifactKey: Guid(77d8ae8dc3e798142ad85d48cbc1400b) Importer(815301076,1909f56bfc062723c751e8b465ee728b)
Number of updated assets reloaded before import = 0
Start importing Assets/animations/standing jump.fbx using Guid(77d8ae8dc3e798142ad85d48cbc1400b) Importer(815301076,1909f56bfc062723c751e8b465ee728b)  -> (artifact id: '5c3e5086a2801f808af081d6b3a88c93') in 0.015720 seconds 
Number of asset objects unloaded after import = 143
========================================================================
Received Import Request.
  Time since last request: 0.000019 seconds.
  path: Assets/animations/unarmed jump running.fbx
  artifactKey: Guid(4b443ee651c918743b6a5b9f3ffdf49e) Importer(815301076,1909f56bfc062723c751e8b465ee728b)
Number of updated assets reloaded before import = 0
Start importing Assets/animations/unarmed jump running.fbx using Guid(4b443ee651c918743b6a5b9f3ffdf49e) Importer(815301076,1909f56bfc062723c751e8b465ee728b)  -> (artifact id: 'a16bbdde0c656deb1083bb5417572b57') in 0.014127 seconds 
Number of asset objects unloaded after import = 143
========================================================================
Received Import Request.
  Time since last request: 0.000016 seconds.
  path: Assets/animations/standing walk forward.fbx
  artifactKey: Guid(bcfad286a947cae4eb74a789d1cd079c) Importer(815301076,1909f56bfc062723c751e8b465ee728b)
Number of updated assets reloaded before import = 0
Start importing Assets/animations/standing walk forward.fbx using Guid(bcfad286a947cae4eb74a789d1cd079c) Importer(815301076,1909f56bfc062723c751e8b465ee728b)  -> (artifact id: 'c1bb9f282daeef08754008142c9623d1') in 0.013867 seconds 
Number of asset objects unloaded after import = 143
========================================================================
Received Import Request.
  Time since last request: 0.000018 seconds.
  path: Assets/animations/standing melee combo attack ver. 1.fbx
  artifactKey: Guid(a486ec1600d208f47b346a79955b2701) Importer(815301076,1909f56bfc062723c751e8b465ee728b)
Number of updated assets reloaded before import = 0
Start importing Assets/animations/standing melee combo attack ver. 1.fbx using Guid(a486ec1600d208f47b346a79955b2701) Importer(815301076,1909f56bfc062723c751e8b465ee728b)  -> (artifact id: 'c580fe5affa5f4118328fa58c983d2ef') in 0.015187 seconds 
Number of asset objects unloaded after import = 143
========================================================================
Received Import Request.
  Time since last request: 0.000019 seconds.
  path: Assets/animations/standing block idle.fbx
  artifactKey: Guid(022e0bd53e87120498f7f47bfc905242) Importer(815301076,1909f56bfc062723c751e8b465ee728b)
Number of updated assets reloaded before import = 0
Start importing Assets/animations/standing block idle.fbx using Guid(022e0bd53e87120498f7f47bfc905242) Importer(815301076,1909f56bfc062723c751e8b465ee728b)  -> (artifact id: '3fb5d0e70eb94c489fde1e67ba5df5ce') in 0.013459 seconds 
Number of asset objects unloaded after import = 143
========================================================================
Received Import Request.
  Time since last request: 0.000017 seconds.
  path: Assets/animations/unarmed equip underarm.fbx
  artifactKey: Guid(27d50c8cb2bc4d34c8a50b6f21266dcb) Importer(815301076,1909f56bfc062723c751e8b465ee728b)
Number of updated assets reloaded before import = 0
Start importing Assets/animations/unarmed equip underarm.fbx using Guid(27d50c8cb2bc4d34c8a50b6f21266dcb) Importer(815301076,1909f56bfc062723c751e8b465ee728b)  -> (artifact id: '67a4e21ca870c3ec42ef0125a48cc3b7') in 0.014426 seconds 
Number of asset objects unloaded after import = 143
========================================================================
Received Import Request.
  Time since last request: 0.000021 seconds.
  path: Assets/animations/standing block react large.fbx
  artifactKey: Guid(8e4c01ae1f8956e45b8c58c9f82f75c7) Importer(815301076,1909f56bfc062723c751e8b465ee728b)
Number of updated assets reloaded before import = 0
Start importing Assets/animations/standing block react large.fbx using Guid(8e4c01ae1f8956e45b8c58c9f82f75c7) Importer(815301076,1909f56bfc062723c751e8b465ee728b)  -> (artifact id: 'f92b6af4272c73e5370534ac54adc663') in 0.016185 seconds 
Number of asset objects unloaded after import = 143
========================================================================
Received Import Request.
  Time since last request: 0.000020 seconds.
  path: Assets/animations/unarmed turn left 90.fbx
  artifactKey: Guid(ebb2e721cee848142b3ead18ed5495cc) Importer(815301076,1909f56bfc062723c751e8b465ee728b)
Number of updated assets reloaded before import = 0
Start importing Assets/animations/unarmed turn left 90.fbx using Guid(ebb2e721cee848142b3ead18ed5495cc) Importer(815301076,1909f56bfc062723c751e8b465ee728b)  -> (artifact id: 'cac9c1aa4e26ddb0bb463e6920768d86') in 0.012362 seconds 
Number of asset objects unloaded after import = 143
========================================================================
Received Import Request.
  Time since last request: 0.000032 seconds.
  path: Assets/animations/unarmed turn right 90.fbx
  artifactKey: Guid(ab51240877d11d743baff49cd42fcc92) Importer(815301076,1909f56bfc062723c751e8b465ee728b)
Number of updated assets reloaded before import = 0
Start importing Assets/animations/unarmed turn right 90.fbx using Guid(ab51240877d11d743baff49cd42fcc92) Importer(815301076,1909f56bfc062723c751e8b465ee728b)  -> (artifact id: 'a33d2340627e19acf6ee69836f229981') in 0.012954 seconds 
Number of asset objects unloaded after import = 143
========================================================================
Received Import Request.
  Time since last request: 0.000057 seconds.
  path: Assets/animations/unarmed walk forward.fbx
  artifactKey: Guid(ee703b55a8972654591c28d56e36471d) Importer(815301076,1909f56bfc062723c751e8b465ee728b)
Number of updated assets reloaded before import = 0
Start importing Assets/animations/unarmed walk forward.fbx using Guid(ee703b55a8972654591c28d56e36471d) Importer(815301076,1909f56bfc062723c751e8b465ee728b)  -> (artifact id: '86bedf067c84694539758c892d0f45d9') in 0.014519 seconds 
Number of asset objects unloaded after import = 143
========================================================================
Received Import Request.
  Time since last request: 0.000019 seconds.
  path: Assets/animations/standing react large from right.fbx
  artifactKey: Guid(687cf0f9f4b586443adab6c742f84c18) Importer(815301076,1909f56bfc062723c751e8b465ee728b)
Number of updated assets reloaded before import = 0
Start importing Assets/animations/standing react large from right.fbx using Guid(687cf0f9f4b586443adab6c742f84c18) Importer(815301076,1909f56bfc062723c751e8b465ee728b)  -> (artifact id: 'fd05f33f8f7e56b440d725256fc26bc0') in 0.015239 seconds 
Number of asset objects unloaded after import = 143
========================================================================
Received Import Request.
  Time since last request: 0.000022 seconds.
  path: Assets/animations/unarmed idle looking ver. 1.fbx
  artifactKey: Guid(bf8a92936c2eb8742a7f14c742d621ae) Importer(815301076,1909f56bfc062723c751e8b465ee728b)
Number of updated assets reloaded before import = 0
Start importing Assets/animations/unarmed idle looking ver. 1.fbx using Guid(bf8a92936c2eb8742a7f14c742d621ae) Importer(815301076,1909f56bfc062723c751e8b465ee728b)  -> (artifact id: '71b93b85e4bf02973a14cdf8f24eed72') in 0.019169 seconds 
Number of asset objects unloaded after import = 143
Editor requested this worker to shutdown with reason: Scaling down because of idle timeout
AssetImportWorker is now disconnected from the server
Process exiting
Exiting without the bug reporter. Application will terminate with return code 0